[06-Jun-2026 13:59:12 Asia/Bangkok] PHP Fatal error:  Uncaught Error: Call to undefined function redirect() in /var/www/html/admin/fix_banners.php:21
Stack trace:
#0 {main}
  thrown in /var/www/html/admin/fix_banners.php on line 21
[07-Jun-2026 16:45:47 Asia/Bangkok] PHP Fatal error:  Uncaught PDOException: SQLSTATE[42S22]: Column not found: 1054 Unknown column 'm.title_en' in 'where clause' in /var/www/html/includes/db.php:21
Stack trace:
#0 /var/www/html/includes/db.php(21): PDO->prepare('SELECT m.*, c.n...')
#1 /var/www/html/admin/movies.php(45): fetchAll('SELECT m.*, c.n...', Array)
#2 {main}
  thrown in /var/www/html/includes/db.php on line 21
[07-Jun-2026 16:47:18 Asia/Bangkok] PHP Fatal error:  Uncaught PDOException: SQLSTATE[42S22]: Column not found: 1054 Unknown column 'm.title_en' in 'where clause' in /var/www/html/includes/db.php:21
Stack trace:
#0 /var/www/html/includes/db.php(21): PDO->prepare('SELECT m.*, c.n...')
#1 /var/www/html/admin/movies.php(45): fetchAll('SELECT m.*, c.n...', Array)
#2 {main}
  thrown in /var/www/html/includes/db.php on line 21
[07-Jun-2026 16:55:02 Asia/Bangkok] Search: วัน
[07-Jun-2026 16:55:02 Asia/Bangkok] Status: 
[07-Jun-2026 16:55:02 Asia/Bangkok] SQL: SELECT m.*, c.name_th AS category_name,
        (SELECT COUNT(*) FROM episodes WHERE movie_id = m.id) AS ep_count
        FROM movies m LEFT JOIN categories c ON m.category_id = c.id WHERE (m.title_th LIKE ? OR m.title_en LIKE ?) ORDER BY m.id DESC
[07-Jun-2026 16:55:02 Asia/Bangkok] Params: Array
(
    [0] => %วัน%
    [1] => %วัน%
)

[07-Jun-2026 16:55:02 Asia/Bangkok] PHP Fatal error:  Uncaught PDOException: SQLSTATE[42S22]: Column not found: 1054 Unknown column 'm.title_en' in 'where clause' in /var/www/html/includes/db.php:21
Stack trace:
#0 /var/www/html/includes/db.php(21): PDO->prepare('SELECT m.*, c.n...')
#1 /var/www/html/admin/movies.php(53): fetchAll('SELECT m.*, c.n...', Array)
#2 {main}
  thrown in /var/www/html/includes/db.php on line 21
[07-Jun-2026 16:55:04 Asia/Bangkok] Search: วัน
[07-Jun-2026 16:55:04 Asia/Bangkok] Status: 
[07-Jun-2026 16:55:04 Asia/Bangkok] SQL: SELECT m.*, c.name_th AS category_name,
        (SELECT COUNT(*) FROM episodes WHERE movie_id = m.id) AS ep_count
        FROM movies m LEFT JOIN categories c ON m.category_id = c.id WHERE (m.title_th LIKE ? OR m.title_en LIKE ?) ORDER BY m.id DESC
[07-Jun-2026 16:55:04 Asia/Bangkok] Params: Array
(
    [0] => %วัน%
    [1] => %วัน%
)

[07-Jun-2026 16:55:04 Asia/Bangkok] PHP Fatal error:  Uncaught PDOException: SQLSTATE[42S22]: Column not found: 1054 Unknown column 'm.title_en' in 'where clause' in /var/www/html/includes/db.php:21
Stack trace:
#0 /var/www/html/includes/db.php(21): PDO->prepare('SELECT m.*, c.n...')
#1 /var/www/html/admin/movies.php(53): fetchAll('SELECT m.*, c.n...', Array)
#2 {main}
  thrown in /var/www/html/includes/db.php on line 21
[07-Jun-2026 16:55:30 Asia/Bangkok] Search: วันพีช
[07-Jun-2026 16:55:30 Asia/Bangkok] Status: 
[07-Jun-2026 16:55:30 Asia/Bangkok] SQL: SELECT m.*, c.name_th AS category_name,
        (SELECT COUNT(*) FROM episodes WHERE movie_id = m.id) AS ep_count
        FROM movies m LEFT JOIN categories c ON m.category_id = c.id WHERE (m.title_th LIKE ? OR m.title_en LIKE ?) ORDER BY m.id DESC
[07-Jun-2026 16:55:30 Asia/Bangkok] Params: Array
(
    [0] => %วันพีช%
    [1] => %วันพีช%
)

[07-Jun-2026 16:55:30 Asia/Bangkok] PHP Fatal error:  Uncaught PDOException: SQLSTATE[42S22]: Column not found: 1054 Unknown column 'm.title_en' in 'where clause' in /var/www/html/includes/db.php:21
Stack trace:
#0 /var/www/html/includes/db.php(21): PDO->prepare('SELECT m.*, c.n...')
#1 /var/www/html/admin/movies.php(53): fetchAll('SELECT m.*, c.n...', Array)
#2 {main}
  thrown in /var/www/html/includes/db.php on line 21
